# JRE version: OpenJDK Runtime Environment (11.0.12+7) (build 11.0.12+7-b1504.28-7817840)
# Java VM: OpenJDK 64-Bit Server VM (11.0.12+7-b1504.28-7817840, mixed mode, tiered, compressed oops, g1 gc, windows-amd64)
Heap:
 garbage-first heap   total 270336K, used 190026K [0x0000000080000000, 0x0000000100000000)
  region size 1024K, 35 young (35840K), 7 survivors (7168K)
 Metaspace       used 96848K, capacity 99259K, committed 99448K, reserved 1134592K
  class space    used 12678K, capacity 13573K, committed 13688K, reserved 1048576K
GC Heap History (20 events):
Event: 8.573 GC heap before
{Heap before GC invocations=18 (full 0):
 garbage-first heap   total 187392K, used 126733K [0x0000000080000000, 0x0000000100000000)
  region size 1024K, 74 young (75776K), 9 survivors (9216K)
 Metaspace       used 80673K, capacity 82493K, committed 82680K, reserved 1120256K
  class space    used 10509K, capacity 11194K, committed 11256K, reserved 1048576K
}
Event: 8.585 GC heap after
{Heap after GC invocations=19 (full 0):
 garbage-first heap   total 187392K, used 66399K [0x0000000080000000, 0x0000000100000000)
  region size 1024K, 10 young (10240K), 10 survivors (10240K)
 Metaspace       used 80673K, capacity 82493K, committed 82680K, reserved 1120256K
  class space    used 10509K, capacity 11194K, committed 11256K, reserved 1048576K
}
Event: 9.134 GC heap before
{Heap before GC invocations=19 (full 0):
 garbage-first heap   total 187392K, used 130911K [0x0000000080000000, 0x0000000100000000)
  region size 1024K, 74 young (75776K), 10 survivors (10240K)
 Metaspace       used 84140K, capacity 86310K, committed 86392K, reserved 1124352K
  class space    used 10977K, capacity 11822K, committed 11896K, reserved 1048576K
}
Event: 9.143 GC heap after
{Heap after GC invocations=20 (full 0):
 garbage-first heap   total 187392K, used 71131K [0x0000000080000000, 0x0000000100000000)
  region size 1024K, 5 young (5120K), 5 survivors (5120K)
 Metaspace       used 84140K, capacity 86310K, committed 86392K, reserved 1124352K
  class space    used 10977K, capacity 11822K, committed 11896K, reserved 1048576K
}
Event: 9.697 GC heap before
{Heap before GC invocations=20 (full 0):
 garbage-first heap   total 187392K, used 135643K [0x0000000080000000, 0x0000000100000000)
  region size 1024K, 69 young (70656K), 5 survivors (5120K)
 Metaspace       used 85664K, capacity 87952K, committed 88056K, reserved 1126400K
  class space    used 11134K, capacity 11989K, committed 12024K, reserved 1048576K
}
Event: 9.705 GC heap after
{Heap after GC invocations=21 (full 0):
 garbage-first heap   total 225280K, used 75574K [0x0000000080000000, 0x0000000100000000)
  region size 1024K, 9 young (9216K), 9 survivors (9216K)
 Metaspace       used 85664K, capacity 87952K, committed 88056K, reserved 1126400K
  class space    used 11134K, capacity 11989K, committed 12024K, reserved 1048576K
}
Event: 10.086 GC heap before
{Heap before GC invocations=21 (full 0):
 garbage-first heap   total 225280K, used 157494K [0x0000000080000000, 0x0000000100000000)
  region size 1024K, 90 young (92160K), 9 survivors (9216K)
 Metaspace       used 88961K, capacity 91273K, committed 91640K, reserved 1128448K
  class space    used 11547K, capacity 12401K, committed 12536K, reserved 1048576K
}
Event: 10.098 GC heap after
{Heap after GC invocations=22 (full 0):
 garbage-first heap   total 225280K, used 80537K [0x0000000080000000, 0x0000000100000000)
  region size 1024K, 10 young (10240K), 10 survivors (10240K)
 Metaspace       used 88961K, capacity 91273K, committed 91640K, reserved 1128448K
  class space    used 11547K, capacity 12401K, committed 12536K, reserved 1048576K
}
Event: 10.454 GC heap before
{Heap before GC invocations=22 (full 0):
 garbage-first heap   total 225280K, used 180889K [0x0000000080000000, 0x0000000100000000)
  region size 1024K, 93 young (95232K), 10 survivors (10240K)
 Metaspace       used 93689K, capacity 96032K, committed 96248K, reserved 1132544K
  class space    used 12144K, capacity 13000K, committed 13048K, reserved 1048576K
}
Event: 10.467 GC heap after
{Heap after GC invocations=23 (full 0):
 garbage-first heap   total 225280K, used 103861K [0x0000000080000000, 0x0000000100000000)
  region size 1024K, 12 young (12288K), 12 survivors (12288K)
 Metaspace       used 93689K, capacity 96032K, committed 96248K, reserved 1132544K
  class space    used 12144K, capacity 13000K, committed 13048K, reserved 1048576K
}
Event: 10.483 GC heap before
{Heap before GC invocations=23 (full 0):
 garbage-first heap   total 225280K, used 121269K [0x0000000080000000, 0x0000000100000000)
  region size 1024K, 22 young (22528K), 12 survivors (12288K)
 Metaspace       used 93916K, capacity 96221K, committed 96376K, reserved 1132544K
  class space    used 12179K, capacity 13044K, committed 13176K, reserved 1048576K
}
Event: 10.494 GC heap after
{Heap after GC invocations=24 (full 0):
 garbage-first heap   total 225280K, used 112790K [0x0000000080000000, 0x0000000100000000)
  region size 1024K, 5 young (5120K), 5 survivors (5120K)
 Metaspace       used 93916K, capacity 96221K, committed 96376K, reserved 1132544K
  class space    used 12179K, capacity 13044K, committed 13176K, reserved 1048576K
}
Event: 10.666 GC heap before
{Heap before GC invocations=25 (full 0):
 garbage-first heap   total 225280K, used 169110K [0x0000000080000000, 0x0000000100000000)
  region size 1024K, 47 young (48128K), 5 survivors (5120K)
 Metaspace       used 94107K, capacity 96284K, committed 96888K, reserved 1132544K
  class space    used 12158K, capacity 12975K, committed 13176K, reserved 1048576K
}
Event: 10.674 GC heap after
{Heap after GC invocations=26 (full 0):
 garbage-first heap   total 225280K, used 124730K [0x0000000080000000, 0x0000000100000000)
  region size 1024K, 6 young (6144K), 6 survivors (6144K)
 Metaspace       used 94107K, capacity 96284K, committed 96888K, reserved 1132544K
  class space    used 12158K, capacity 12975K, committed 13176K, reserved 1048576K
}
Event: 10.711 GC heap before
{Heap before GC invocations=26 (full 0):
 garbage-first heap   total 225280K, used 130874K [0x0000000080000000, 0x0000000100000000)
  region size 1024K, 14 young (14336K), 6 survivors (6144K)
 Metaspace       used 94114K, capacity 96288K, committed 96888K, reserved 1132544K
  class space    used 12159K, capacity 12977K, committed 13176K, reserved 1048576K
}
Event: 10.719 GC heap after
{Heap after GC invocations=27 (full 0):
 garbage-first heap   total 225280K, used 128354K [0x0000000080000000, 0x0000000100000000)
  region size 1024K, 4 young (4096K), 4 survivors (4096K)
 Metaspace       used 94114K, capacity 96288K, committed 96888K, reserved 1132544K
  class space    used 12159K, capacity 12977K, committed 13176K, reserved 1048576K
}
Event: 10.949 GC heap before
{Heap before GC invocations=28 (full 0):
 garbage-first heap   total 225280K, used 164194K [0x0000000080000000, 0x0000000100000000)
  region size 1024K, 36 young (36864K), 4 survivors (4096K)
 Metaspace       used 96253K, capacity 98585K, committed 98936K, reserved 1134592K
  class space    used 12633K, capacity 13527K, committed 13688K, reserved 1048576K
}
Event: 10.965 GC heap after
{Heap after GC invocations=29 (full 0):
 garbage-first heap   total 270336K, used 139100K [0x0000000080000000, 0x0000000100000000)
  region size 1024K, 5 young (5120K), 5 survivors (5120K)
 Metaspace       used 96253K, capacity 98585K, committed 98936K, reserved 1134592K
  class space    used 12633K, capacity 13527K, committed 13688K, reserved 1048576K
}
Event: 11.175 GC heap before
{Heap before GC invocations=29 (full 0):
 garbage-first heap   total 270336K, used 186204K [0x0000000080000000, 0x0000000100000000)
  region size 1024K, 52 young (53248K), 5 survivors (5120K)
 Metaspace       used 96820K, capacity 99127K, committed 99448K, reserved 1134592K
  class space    used 12678K, capacity 13573K, committed 13688K, reserved 1048576K
}
Event: 11.200 GC heap after
{Heap after GC invocations=30 (full 0):
 garbage-first heap   total 270336K, used 162378K [0x0000000080000000, 0x0000000100000000)
  region size 1024K, 7 young (7168K), 7 survivors (7168K)
 Metaspace       used 96820K, capacity 99127K, committed 99448K, reserved 1134592K
  class space    used 12678K, capacity 13573K, committed 13688K, reserved 1048576K
}

