# JRE version: OpenJDK Runtime Environment (11.0.12+7) (build 11.0.12+7-b1504.28-7817840)
# Java VM: OpenJDK 64-Bit Server VM (11.0.12+7-b1504.28-7817840, mixed mode, tiered, compressed oops, g1 gc, windows-amd64)
Heap:
 garbage-first heap   total 270336K, used 170629K [0x0000000080000000, 0x0000000100000000)
  region size 1024K, 4 young (4096K), 4 survivors (4096K)
 Metaspace       used 126515K, capacity 129370K, committed 129484K, reserved 1163264K
  class space    used 15500K, capacity 16552K, committed 16640K, reserved 1048576K
GC Heap History (20 events):
Event: 2983.984 GC heap after
{Heap after GC invocations=54 (full 0):
 garbage-first heap   total 225280K, used 156222K [0x0000000080000000, 0x0000000100000000)
  region size 1024K, 1 young (1024K), 1 survivors (1024K)
 Metaspace       used 112638K, capacity 115185K, committed 116172K, reserved 1150976K
  class space    used 13919K, capacity 14859K, committed 15104K, reserved 1048576K
}
Event: 2984.167 GC heap before
{Heap before GC invocations=54 (full 0):
 garbage-first heap   total 225280K, used 185918K [0x0000000080000000, 0x0000000100000000)
  region size 1024K, 31 young (31744K), 1 survivors (1024K)
 Metaspace       used 114799K, capacity 117362K, committed 118092K, reserved 1153024K
  class space    used 14087K, capacity 15051K, committed 15232K, reserved 1048576K
}
Event: 2984.171 GC heap after
{Heap after GC invocations=55 (full 0):
 garbage-first heap   total 225280K, used 158013K [0x0000000080000000, 0x0000000100000000)
  region size 1024K, 3 young (3072K), 3 survivors (3072K)
 Metaspace       used 114799K, capacity 117362K, committed 118092K, reserved 1153024K
  class space    used 14087K, capacity 15051K, committed 15232K, reserved 1048576K
}
Event: 2984.368 GC heap before
{Heap before GC invocations=56 (full 0):
 garbage-first heap   total 225280K, used 209213K [0x0000000080000000, 0x0000000100000000)
  region size 1024K, 33 young (33792K), 3 survivors (3072K)
 Metaspace       used 115525K, capacity 118168K, committed 118860K, reserved 1153024K
  class space    used 14133K, capacity 15084K, committed 15232K, reserved 1048576K
}
Event: 2984.371 GC heap after
{Heap after GC invocations=57 (full 0):
 garbage-first heap   total 225280K, used 147399K [0x0000000080000000, 0x0000000100000000)
  region size 1024K, 4 young (4096K), 4 survivors (4096K)
 Metaspace       used 115525K, capacity 118168K, committed 118860K, reserved 1153024K
  class space    used 14133K, capacity 15084K, committed 15232K, reserved 1048576K
}
Event: 2984.425 GC heap before
{Heap before GC invocations=57 (full 0):
 garbage-first heap   total 225280K, used 154567K [0x0000000080000000, 0x0000000100000000)
  region size 1024K, 11 young (11264K), 4 survivors (4096K)
 Metaspace       used 115667K, capacity 118296K, committed 119116K, reserved 1153024K
  class space    used 14141K, capacity 15084K, committed 15232K, reserved 1048576K
}
Event: 2984.430 GC heap after
{Heap after GC invocations=58 (full 0):
 garbage-first heap   total 225280K, used 132651K [0x0000000080000000, 0x0000000100000000)
  region size 1024K, 2 young (2048K), 2 survivors (2048K)
 Metaspace       used 115667K, capacity 118296K, committed 119116K, reserved 1153024K
  class space    used 14141K, capacity 15084K, committed 15232K, reserved 1048576K
}
Event: 2984.758 GC heap before
{Heap before GC invocations=58 (full 0):
 garbage-first heap   total 225280K, used 185899K [0x0000000080000000, 0x0000000100000000)
  region size 1024K, 43 young (44032K), 2 survivors (2048K)
 Metaspace       used 117288K, capacity 119865K, committed 120652K, reserved 1155072K
  class space    used 14313K, capacity 15261K, committed 15488K, reserved 1048576K
}
Event: 2984.762 GC heap after
{Heap after GC invocations=59 (full 0):
 garbage-first heap   total 225280K, used 132510K [0x0000000080000000, 0x0000000100000000)
  region size 1024K, 2 young (2048K), 2 survivors (2048K)
 Metaspace       used 117288K, capacity 119865K, committed 120652K, reserved 1155072K
  class space    used 14313K, capacity 15261K, committed 15488K, reserved 1048576K
}
Event: 2985.089 GC heap before
{Heap before GC invocations=59 (full 0):
 garbage-first heap   total 225280K, used 176542K [0x0000000080000000, 0x0000000100000000)
  region size 1024K, 46 young (47104K), 2 survivors (2048K)
 Metaspace       used 120194K, capacity 122856K, committed 123596K, reserved 1157120K
  class space    used 14698K, capacity 15680K, committed 15872K, reserved 1048576K
}
Event: 2985.093 GC heap after
{Heap after GC invocations=60 (full 0):
 garbage-first heap   total 225280K, used 132651K [0x0000000080000000, 0x0000000100000000)
  region size 1024K, 2 young (2048K), 2 survivors (2048K)
 Metaspace       used 120194K, capacity 122856K, committed 123596K, reserved 1157120K
  class space    used 14698K, capacity 15680K, committed 15872K, reserved 1048576K
}
Event: 2985.431 GC heap before
{Heap before GC invocations=60 (full 0):
 garbage-first heap   total 225280K, used 178731K [0x0000000080000000, 0x0000000100000000)
  region size 1024K, 48 young (49152K), 2 survivors (2048K)
 Metaspace       used 121422K, capacity 124054K, committed 124748K, reserved 1159168K
  class space    used 14826K, capacity 15793K, committed 16000K, reserved 1048576K
}
Event: 2985.436 GC heap after
{Heap after GC invocations=61 (full 0):
 garbage-first heap   total 225280K, used 136594K [0x0000000080000000, 0x0000000100000000)
  region size 1024K, 6 young (6144K), 6 survivors (6144K)
 Metaspace       used 121422K, capacity 124054K, committed 124748K, reserved 1159168K
  class space    used 14826K, capacity 15793K, committed 16000K, reserved 1048576K
}
Event: 2985.744 GC heap before
{Heap before GC invocations=61 (full 0):
 garbage-first heap   total 225280K, used 181650K [0x0000000080000000, 0x0000000100000000)
  region size 1024K, 51 young (52224K), 6 survivors (6144K)
 Metaspace       used 122392K, capacity 125109K, committed 125644K, reserved 1159168K
  class space    used 14945K, capacity 15961K, committed 16128K, reserved 1048576K
}
Event: 2985.760 GC heap after
{Heap after GC invocations=62 (full 0):
 garbage-first heap   total 225280K, used 139936K [0x0000000080000000, 0x0000000100000000)
  region size 1024K, 4 young (4096K), 4 survivors (4096K)
 Metaspace       used 122392K, capacity 125109K, committed 125644K, reserved 1159168K
  class space    used 14945K, capacity 15961K, committed 16128K, reserved 1048576K
}
Event: 2986.041 GC heap before
{Heap before GC invocations=62 (full 0):
 garbage-first heap   total 225280K, used 195232K [0x0000000080000000, 0x0000000100000000)
  region size 1024K, 48 young (49152K), 4 survivors (4096K)
 Metaspace       used 124101K, capacity 126867K, committed 127052K, reserved 1161216K
  class space    used 15161K, capacity 16214K, committed 16256K, reserved 1048576K
}
Event: 2986.046 GC heap after
{Heap after GC invocations=63 (full 0):
 garbage-first heap   total 225280K, used 158218K [0x0000000080000000, 0x0000000100000000)
  region size 1024K, 6 young (6144K), 6 survivors (6144K)
 Metaspace       used 124101K, capacity 126867K, committed 127052K, reserved 1161216K
  class space    used 15161K, capacity 16214K, committed 16256K, reserved 1048576K
}
Event: 2986.145 GC heap before
{Heap before GC invocations=63 (full 0):
 garbage-first heap   total 225280K, used 190986K [0x0000000080000000, 0x0000000100000000)
  region size 1024K, 39 young (39936K), 6 survivors (6144K)
 Metaspace       used 125482K, capacity 128342K, committed 128588K, reserved 1161216K
  class space    used 15348K, capacity 16399K, committed 16512K, reserved 1048576K
}
Event: 2986.150 GC heap after
{Heap after GC invocations=64 (full 0):
 garbage-first heap   total 225280K, used 162141K [0x0000000080000000, 0x0000000100000000)
  region size 1024K, 4 young (4096K), 4 survivors (4096K)
 Metaspace       used 125482K, capacity 128342K, committed 128588K, reserved 1161216K
  class space    used 15348K, capacity 16399K, committed 16512K, reserved 1048576K
}
Event: 2986.199 GC heap before
{Heap before GC invocations=64 (full 0):
 garbage-first heap   total 225280K, used 191837K [0x0000000080000000, 0x0000000100000000)
  region size 1024K, 25 young (25600K), 4 survivors (4096K)
 Metaspace       used 126515K, capacity 129370K, committed 129484K, reserved 1163264K
  class space    used 15500K, capacity 16552K, committed 16640K, reserved 1048576K
}

